<?xml version="1.0" encoding="UTF-8"?>
<!-- Generated by org.testng.reporters.JUnitReportReporter -->
<testsuite hostname="vishal" failures="0" tests="1" name="testVagrantTest.testCases" time="5.485" errors="0" timestamp="2023-02-23T17:19:08 IST" skipped="0">
  <testcase classname="testVagrantTest.testCases" name="imdbandwikitest" time="5.485"/>
  <system-out/>
</testsuite> <!-- testVagrantTest.testCases -->
